[2021-05-26 11:45:16 +0300] [12672] [INFO] Starting gunicorn 20.0.4
[2021-05-26 11:45:16 +0300] [12672] [INFO] Listening at: http://127.0.0.1:8000 (12672)
[2021-05-26 11:45:16 +0300] [12672] [INFO] Using worker: sync
[2021-05-26 11:45:16 +0300] [12675] [INFO] Booting worker with pid: 12675
[2021-05-26 11:45:16 +0300] [12676] [INFO] Booting worker with pid: 12676
[2021-05-26 11:45:16 +0300] [12677] [INFO] Booting worker with pid: 12677
Not Found: /favicon.ico
Not Found: /mysql/dbadmin/index.php
Not Found: /phpmyadmin2015/index.php
Not Found: /2phpmyadmin/index.php
Not Found: /sql/sql-admin/index.php
Not Found: /db/dbweb/index.php
Not Found: /admin/pMA/index.php
Not Found: /phpmyadmin2015/index.php
Not Found: /PMA/index.php
Not Found: /admin/sqladmin/index.php
Not Found: /pma2021/index.php
Not Found: /phpMyAdmin-3/index.php
Not Found: /phpMyAdmin-3/index.php
[2021-05-26 11:47:34 +0300] [12672] [INFO] Handling signal: term
[2021-05-26 08:47:34 +0000] [12675] [INFO] Worker exiting (pid: 12675)
[2021-05-26 08:47:34 +0000] [12676] [INFO] Worker exiting (pid: 12676)
[2021-05-26 08:47:34 +0000] [12677] [INFO] Worker exiting (pid: 12677)
[2021-05-26 11:47:35 +0300] [12672] [INFO] Shutting down: Master
[2021-05-26 11:48:46 +0300] [12750] [INFO] Starting gunicorn 20.0.4
[2021-05-26 11:48:46 +0300] [12750] [INFO] Listening at: http://127.0.0.1:8000 (12750)
[2021-05-26 11:48:46 +0300] [12750] [INFO] Using worker: sync
[2021-05-26 11:48:46 +0300] [12753] [INFO] Booting worker with pid: 12753
[2021-05-26 11:48:46 +0300] [12754] [INFO] Booting worker with pid: 12754
[2021-05-26 11:48:46 +0300] [12755] [INFO] Booting worker with pid: 12755
[2021-05-26 12:02:07 +0300] [12750] [INFO] Handling signal: term
[2021-05-26 09:02:07 +0000] [12753] [INFO] Worker exiting (pid: 12753)
[2021-05-26 09:02:07 +0000] [12754] [INFO] Worker exiting (pid: 12754)
[2021-05-26 09:02:07 +0000] [12755] [INFO] Worker exiting (pid: 12755)
[2021-05-26 12:02:08 +0300] [12750] [INFO] Shutting down: Master
[2021-05-26 12:02:08 +0300] [12913] [INFO] Starting gunicorn 20.0.4
[2021-05-26 12:02:08 +0300] [12913] [INFO] Listening at: http://127.0.0.1:8000 (12913)
[2021-05-26 12:02:08 +0300] [12913] [INFO] Using worker: sync
[2021-05-26 12:02:08 +0300] [12916] [INFO] Booting worker with pid: 12916
[2021-05-26 12:02:08 +0300] [12918] [INFO] Booting worker with pid: 12918
[2021-05-26 12:02:08 +0300] [12917] [INFO] Booting worker with pid: 12917
[2021-05-26 12:07:04 +0300] [12913] [INFO] Handling signal: term
[2021-05-26 09:07:04 +0000] [12916] [INFO] Worker exiting (pid: 12916)
[2021-05-26 09:07:04 +0000] [12917] [INFO] Worker exiting (pid: 12917)
[2021-05-26 09:07:04 +0000] [12918] [INFO] Worker exiting (pid: 12918)
[2021-05-26 12:07:05 +0300] [12913] [INFO] Shutting down: Master
[2021-05-26 15:35:19 +0300] [15073] [INFO] Starting gunicorn 20.0.4
[2021-05-26 15:35:19 +0300] [15073] [INFO] Listening at: http://127.0.0.1:8000 (15073)
[2021-05-26 15:35:19 +0300] [15073] [INFO] Using worker: sync
[2021-05-26 15:35:19 +0300] [15076] [INFO] Booting worker with pid: 15076
[2021-05-26 15:35:19 +0300] [15077] [INFO] Booting worker with pid: 15077
[2021-05-26 15:35:19 +0300] [15078] [INFO] Booting worker with pid: 15078
[2021-05-26 15:50:26 +0300] [15073] [INFO] Handling signal: term
[2021-05-26 12:50:26 +0000] [15076] [INFO] Worker exiting (pid: 15076)
[2021-05-26 12:50:26 +0000] [15077] [INFO] Worker exiting (pid: 15077)
[2021-05-26 12:50:26 +0000] [15078] [INFO] Worker exiting (pid: 15078)
[2021-05-26 15:50:26 +0300] [15073] [INFO] Shutting down: Master
[2021-05-26 15:50:27 +0300] [15355] [INFO] Starting gunicorn 20.0.4
[2021-05-26 15:50:27 +0300] [15355] [INFO] Listening at: http://127.0.0.1:8000 (15355)
[2021-05-26 15:50:27 +0300] [15355] [INFO] Using worker: sync
[2021-05-26 15:50:27 +0300] [15358] [INFO] Booting worker with pid: 15358
[2021-05-26 15:50:27 +0300] [15359] [INFO] Booting worker with pid: 15359
[2021-05-26 15:50:27 +0300] [15360] [INFO] Booting worker with pid: 15360
[2021-05-26 16:04:45 +0300] [15355] [INFO] Handling signal: term
[2021-05-26 13:04:45 +0000] [15358] [INFO] Worker exiting (pid: 15358)
[2021-05-26 13:04:45 +0000] [15359] [INFO] Worker exiting (pid: 15359)
[2021-05-26 13:04:45 +0000] [15360] [INFO] Worker exiting (pid: 15360)
[2021-05-26 16:04:46 +0300] [15355] [INFO] Shutting down: Master
